            --------------------------------------------------------
                             AMBER SQM VERSION 19
 
                                     By
              Ross C. Walker, Michael F. Crowley, Scott Brozell,
                         Tim Giese, Andreas W. Goetz,
                        Tai-Sung Lee and David A. Case
 
            --------------------------------------------------------
 

--------------------------------------------------------------------------------
  QM CALCULATION INFO
--------------------------------------------------------------------------------

| QMMM: Citation for AMBER QMMM Run:
| QMMM: R.C. Walker, M.F. Crowley and D.A. Case, J. COMP. CHEM. 29:1019, 2008

QMMM: SINGLET STATE CALCULATION
QMMM: RHF CALCULATION, NO. OF DOUBLY OCCUPIED LEVELS = 62

| QMMM: *** Selected Hamiltonian *** 
| QMMM: AM1         

| QMMM: *** Parameter sets in use ***
| QMMM: C : M.J.S.DEWAR et al. JACS, 107, 3902, (1985)
| QMMM: O : M.J.S.DEWAR et al. JACS, 107, 3902, (1985)
| QMMM: H : M.J.S.DEWAR et al. JACS, 107, 3902, (1985)

| QMMM: *** SCF convergence criteria ***
| QMMM: Energy change                :  0.1D-09 kcal/mol
| QMMM: Error matrix |FP-PF|         :  0.1D+00 au
| QMMM: Density matrix change        :  0.5D-06
| QMMM: Maximum number of SCF cycles :     1000

| QMMM: *** Diagonalization Routine Information ***
| QMMM: Pseudo diagonalizations are allowed.
| QMMM: Auto diagonalization routine selection is in use.
| QMMM:
| QMMM: Timing diagonalization routines:
| QMMM:                              norbs =      114
| QMMM:    diag iterations used for timing =       10
| QMMM:
| QMMM:              Internal diag routine = 0.061601 seconds
| QMMM:                 Dspev diag routine = 0.057910 seconds
| QMMM:                Dspevd diag routine = 0.020320 seconds
| QMMM:                Dspevx diag routine = 0.071789 seconds
| QMMM:                 Dsyev diag routine = 0.034747 seconds
| QMMM:                Dsyevd diag routine = 0.272790 seconds
| QMMM:                Dsyevr diag routine = 0.017941 seconds
| QMMM:
| QMMM:                Pseudo diag routine = 0.012951 seconds
| QMMM:
| QMMM: Using dsyevr routine (diag_routine=7).

  QMMM: QM Region Cartesian Coordinates (*=link atom) 
  QMMM: QM_NO.   MM_NO.  ATOM         X         Y         Z
  QMMM:     1        1      C       -6.2360   11.6570   25.9150
  QMMM:     2        2      C       -5.9440   11.6890   24.4050
  QMMM:     3        3      C       -5.5540   10.4640   23.7160
  QMMM:     4        4      C       -4.2620   10.3290   23.2090
  QMMM:     5        5      C       -6.4750    9.4270   23.5640
  QMMM:     6        6      C       -3.8900    9.1570   22.5500
  QMMM:     7        7      C       -6.1030    8.2550   22.9050
  QMMM:     8        8      C       -4.8100    8.1200   22.3980
  QMMM:     9        9      C       -5.0470    6.7280   20.4850
  QMMM:    10       10      C       -7.3170   12.6530   26.3420
  QMMM:    11       11      C       -8.6010   11.9560   26.7130
  QMMM:    12       12      C       -8.9700   10.8020   26.0370
  QMMM:    13       13      C       -9.3920   12.4790   27.7250
  QMMM:    14       14      C      -10.1600   10.1580   26.3800
  QMMM:    15       15      C      -10.5810   11.8350   28.0690
  QMMM:    16       16      C      -10.9650   10.6740   27.3960
  QMMM:    17       17      O       -6.0410   12.7630   23.7820
  QMMM:    18       18      O       -3.3470   11.3300   23.3460
  QMMM:    19       19      O       -7.7430    9.5370   24.0520
  QMMM:    20       20      O       -4.4470    6.9770   21.7550
  QMMM:    21       21      O      -12.1240   10.0440   27.7310
  QMMM:    22       22      H       -5.3160   11.9380   26.4280
  QMMM:    23       23      H       -6.5640   10.6530   26.1840
  QMMM:    24       24      H       -5.9060   11.4850   23.3350
  QMMM:    25       25      H       -4.4950   10.6710   23.8730
  QMMM:    26       26      H       -5.0070   10.9120   23.7500
  QMMM:    27       27      H       -6.2570   10.4390   23.9040
  QMMM:    28       28      H       -3.1360    8.7280   23.2100
  QMMM:    29       29      H       -3.5720    9.4460   21.5480
  QMMM:    30       30      H       -6.7230    8.2640   22.0090
  QMMM:    31       31      H       -6.2530    7.4360   23.6090
  QMMM:    32       32      H       -4.4110    7.2320   22.8870
  QMMM:    33       33      H       -5.9420    7.3410   20.3800
  QMMM:    34       34      H       -4.3410    6.9790   19.6930
  QMMM:    35       35      H       -5.3180    5.6750   20.4110
  QMMM:    36       36      H       -7.5210   13.3150   25.5000
  QMMM:    37       37      H       -6.9590   13.2170   27.2030
  QMMM:    38       38      H       -9.5550   11.4800   26.9380
  QMMM:    39       39      H       -8.1990   10.0830   26.3160
  QMMM:    40       40      H       -9.0410   11.0610   24.9810
  QMMM:    41       41      H       -9.7260   13.4350   27.3210
  QMMM:    42       42      H       -8.7770   12.5120   28.6240
  QMMM:    43       43      H       -9.8200    9.2060   26.7890
  QMMM:    44       44      H      -10.7720   10.1260   25.4790
  QMMM:    45       45      H      -11.3480   12.5550   27.7840
  QMMM:    46       46      H      -10.5060   11.5770   29.1250
  QMMM:    47       47      H      -11.4940   11.6240   27.3240
  QMMM:    48       48      H       -6.3550   12.5900   22.8910
  QMMM:    49       49      H       -3.7380   12.0900   23.8060
  QMMM:    50       50      H       -8.2350    8.7220   23.8550
  QMMM:    51       51      H      -12.2310    9.2600   27.1650

--------------------------------------------------------------------------------
  RESULTS
--------------------------------------------------------------------------------

      iter         sqm energy              rms gradient
      ----    -------------------    -----------------------
xmin    10     -207.3409 kcal/mol        8.1069 kcal/(mol*A)
xmin    20     -271.7947 kcal/mol        1.4047 kcal/(mol*A)
xmin    30     -276.1160 kcal/mol        0.4530 kcal/(mol*A)
xmin    40     -277.3690 kcal/mol        0.4158 kcal/(mol*A)
xmin    50     -277.7712 kcal/mol        0.3002 kcal/(mol*A)
xmin    60     -278.3511 kcal/mol        0.1456 kcal/(mol*A)
xmin    70     -278.4581 kcal/mol        0.1588 kcal/(mol*A)
xmin    80     -278.5327 kcal/mol        0.1281 kcal/(mol*A)
xmin    90     -278.6076 kcal/mol        0.1863 kcal/(mol*A)
xmin   100     -278.6698 kcal/mol        0.0398 kcal/(mol*A)
xmin   110     -278.6800 kcal/mol        0.0805 kcal/(mol*A)
xmin   120     -278.6892 kcal/mol        0.0181 kcal/(mol*A)
xmin   130     -278.6936 kcal/mol        0.0289 kcal/(mol*A)
xmin   140     -278.7006 kcal/mol        0.1508 kcal/(mol*A)
xmin   150     -278.7107 kcal/mol        0.0131 kcal/(mol*A)
xmin   160     -278.7117 kcal/mol        0.0075 kcal/(mol*A)
xmin   170     -278.7121 kcal/mol        0.0068 kcal/(mol*A)
xmin   180     -278.7124 kcal/mol        0.0071 kcal/(mol*A)
xmin   190     -278.7125 kcal/mol        0.0032 kcal/(mol*A)
xmin   200     -278.7126 kcal/mol        0.0059 kcal/(mol*A)
xmin   210     -278.7128 kcal/mol        0.0061 kcal/(mol*A)
xmin   220     -278.7130 kcal/mol        0.0051 kcal/(mol*A)
xmin   230     -278.7130 kcal/mol        0.0025 kcal/(mol*A)
xmin   240     -278.7131 kcal/mol        0.0026 kcal/(mol*A)
xmin   250     -278.7131 kcal/mol        0.0012 kcal/(mol*A)
xmin   260     -278.7131 kcal/mol        0.0017 kcal/(mol*A)
xmin   270     -278.7132 kcal/mol        0.0014 kcal/(mol*A)
xmin   280     -278.7132 kcal/mol        0.0014 kcal/(mol*A)
xmin   290     -278.7132 kcal/mol        0.0008 kcal/(mol*A)
xmin   300     -278.7132 kcal/mol        0.0012 kcal/(mol*A)
xmin   310     -278.7132 kcal/mol        0.0022 kcal/(mol*A)
xmin   320     -278.7132 kcal/mol        0.0006 kcal/(mol*A)
  ... geometry converged !
 
 Final MO eigenvalues (eV):
 -40.9149  -40.1169  -38.9502  -38.3894  -38.3431  -36.9845  -35.0096  -33.7834
 -31.5932  -30.6316  -30.3777  -29.8997  -27.8182  -26.0927  -24.1881  -23.9621
 -23.2389  -22.9901  -21.1432  -19.9165  -19.1039  -18.8077  -18.3992  -17.9958
 -17.9408  -17.7284  -17.2031  -16.8600  -16.2666  -16.2033  -15.9280  -15.9042
 -15.6782  -15.2449  -15.1514  -14.7403  -14.7055  -14.2833  -14.1945  -13.9663
 -13.7714  -13.6180  -13.3451  -13.2265  -13.0044  -12.9761  -12.8236  -12.6404
 -12.3655  -12.2377  -12.1106  -11.9290  -11.7844  -11.6379  -11.2764  -11.2516
 -11.1967  -10.8685  -10.8013  -10.7792  -10.4915   -9.4743    0.7972    2.5489
   2.7212    3.0897    3.3587    3.4004    3.4178    3.5167    3.5927    3.6204
   3.6608    3.7284    3.8609    3.8872    3.9433    3.9573    3.9835    4.0036
   4.0906    4.1209    4.1494    4.1707    4.2129    4.2651    4.2791    4.3441
   4.3641    4.4001    4.4284    4.5436    4.6424    4.7111    4.7590    4.7851
   4.8277    4.8567    4.8968    4.9467    5.0174    5.1000    5.1556    5.1716
   5.3097    5.3615    5.3973    5.4216    5.4752    5.9580    6.0849    6.1985
   6.2941    6.3595

 Heat of formation   =       -278.71323236 kcal/mol  (      -12.08591268 eV)

 Total SCF energy    =     -93784.18188431 kcal/mol  (    -4066.78729822 eV)
 Electronic energy   =    -658676.15445010 kcal/mol  (   -28562.34137505 eV)
 Core-core repulsion =     564891.97256579 kcal/mol  (    24495.55407683 eV)
 
    Atomic Charges for Step       1 :
  Atom    Element       Mulliken Charge
     1      C                 -0.169
     2      C                 -0.021
     3      C                 -0.269
     4      C                  0.083
     5      C                  0.042
     6      C                 -0.188
     7      C                 -0.185
     8      C                  0.039
     9      C                 -0.078
    10      C                 -0.152
    11      C                 -0.104
    12      C                 -0.152
    13      C                 -0.153
    14      C                 -0.191
    15      C                 -0.152
    16      C                  0.032
    17      O                 -0.332
    18      O                 -0.324
    19      O                 -0.265
    20      O                 -0.272
    21      O                 -0.329
    22      H                  0.094
    23      H                  0.106
    24      H                  0.063
    25      H                  0.080
    26      H                  0.057
    27      H                  0.147
    28      H                  0.109
    29      H                  0.105
    30      H                  0.105
    31      H                  0.104
    32      H                  0.119
    33      H                  0.059
    34      H                  0.067
    35      H                  0.100
    36      H                  0.093
    37      H                  0.081
    38      H                  0.083
    39      H                  0.082
    40      H                  0.092
    41      H                  0.078
    42      H                  0.084
    43      H                  0.090
    44      H                  0.073
    45      H                  0.094
    46      H                  0.092
    47      H                  0.070
    48      H                  0.196
    49      H                  0.204
    50      H                  0.217
    51      H                  0.196
 Total Mulliken Charge =      -0.000
 
                  X        Y        Z     TOTAL  
  QM DIPOLE    -0.599   -1.412   -2.051    2.562
 
 Final Structure

  QMMM: QM Region Cartesian Coordinates (*=link atom) 
  QMMM: QM_NO.   MM_NO.  ATOM         X         Y         Z
  QMMM:     1        1      C       -6.5446   12.2431   25.7512
  QMMM:     2        2      C       -6.7005   13.2904   24.6614
  QMMM:     3        3      C       -4.8958    9.7928   23.5006
  QMMM:     4        4      C       -3.7084    9.6401   22.6099
  QMMM:     5        5      C       -5.7655    8.7863   23.7059
  QMMM:     6        6      C       -3.8495    8.4561   21.6552
  QMMM:     7        7      C       -5.6831    7.4509   23.0522
  QMMM:     8        8      C       -4.3067    7.2269   22.4256
  QMMM:     9        9      C       -4.8698    6.1392   20.3540
  QMMM:    10       10      C       -7.4162   12.5190   26.9573
  QMMM:    11       11      C       -8.8648   12.0945   26.7655
  QMMM:    12       12      C       -9.0257   10.5860   26.8789
  QMMM:    13       13      C       -9.7547   12.8020   27.7829
  QMMM:    14       14      C      -10.4317   10.1487   26.5209
  QMMM:    15       15      C      -11.0288   12.0379   28.0786
  QMMM:    16       16      C      -11.4674   11.2159   26.8727
  QMMM:    17       17      O       -5.9752   14.4431   25.0641
  QMMM:    18       18      O       -3.5100   10.7867   21.7897
  QMMM:    19       19      O       -6.8218    9.0150   24.5679
  QMMM:    20       20      O       -4.2970    6.0374   21.6454
  QMMM:    21       21      O      -12.7158   10.6238   27.2147
  QMMM:    22       22      H       -5.4701   12.2263   26.0754
  QMMM:    23       23      H       -6.7881   11.2376   25.3142
  QMMM:    24       24      H       -7.7814   13.5502   24.5043
  QMMM:    25       25      H       -2.7911    9.5004   23.2566
  QMMM:    26       26      H       -6.2765   12.9051   23.6936
  QMMM:    27       27      H       -5.0247   10.7670   23.9965
  QMMM:    28       28      H       -2.8664    8.2533   21.1595
  QMMM:    29       29      H       -4.5893    8.7160   20.8546
  QMMM:    30       30      H       -6.4795    7.3834   22.2628
  QMMM:    31       31      H       -5.8815    6.6365   23.7988
  QMMM:    32       32      H       -3.5616    6.9893   23.2418
  QMMM:    33       33      H       -5.8978    6.5743   20.3926
  QMMM:    34       34      H       -4.2189    6.7562   19.6862
  QMMM:    35       35      H       -4.9077    5.0812   19.9892
  QMMM:    36       36      H       -7.3792   13.6186   27.1830
  QMMM:    37       37      H       -6.9938   11.9796   27.8460
  QMMM:    38       38      H       -9.1951   12.4014   25.7325
  QMMM:    39       39      H       -8.7898   10.2728   27.9301
  QMMM:    40       40      H       -8.2912   10.0711   26.2036
  QMMM:    41       41      H      -10.0047   13.8231   27.3924
  QMMM:    42       42      H       -9.1914   12.9460   28.7426
  QMMM:    43       43      H      -10.6790    9.2009   27.0673
  QMMM:    44       44      H      -10.4963    9.9290   25.4238
  QMMM:    45       45      H      -11.8501   12.7457   28.3607
  QMMM:    46       46      H      -10.8739   11.3449   28.9463
  QMMM:    47       47      H      -11.6198   11.8993   25.9886
  QMMM:    48       48      H       -6.1606   15.1276   24.4117
  QMMM:    49       49      H       -3.5380   11.5567   22.3700
  QMMM:    50       50      H       -7.3296    8.1951   24.6444
  QMMM:    51       51      H      -12.9667   10.0613   26.4733

           --------- Calculation Completed ----------

